2023-09-14 23:03:00: Cloning into 'hummingbot'...
remote: Repository not found.
fatal: repository 'https://github.com/asd/hummingbot/' not found 
)
2023-09-14 23:03:06: Cloning into 'hummingbot'...
remote: Repository not found.
fatal: repository 'https://github.com/asd/hummingbot/' not found 
)
2023-09-14 23:03:22: Cloning into 'hummingbot'...
fatal: Remote branch asdasd not found in upstream origin 
)
2023-09-14 23:19:12: usage: conda-env [-h] command ...
conda-env: error: argument command: invalid choice: 'upadate' (choose from 'create', 'export', 'list', 'remove', 'update', 'config') 
)
2023-09-14 23:24:26: Warning: passing language='c++' to cythonize() is deprecated. Instead, put "# distutils: language=c++" in your .pyx or .pxd file(s)
Compiling hummingbot/connector/connector_base.pyx because it changed.
Compiling hummingbot/connector/derivative/binance_perpetual/dummy.pyx because it changed.
Compiling hummingbot/connector/derivative/bit_com_perpetual/dummy.pyx because it changed.
Compiling hummingbot/connector/derivative/bitmex_perpetual/dummy.pyx because it changed.
Compiling hummingbot/connector/derivative/bybit_perpetual/dummy.pyx because it changed.
Compiling hummingbot/connector/derivative/gate_io_perpetual/dummy.pyx because it changed.
Compiling hummingbot/connector/derivative/kucoin_perpetual/dummy.pyx because it changed.
Compiling hummingbot/connector/exchange/altmarkets/altmarkets_active_order_tracker.pyx because it changed.
Compiling hummingbot/connector/exchange/binance/dummy.pyx because it changed.
Compiling hummingbot/connector/exchange/bitfinex/bitfinex_active_order_tracker.pyx because it changed.
Compiling hummingbot/connector/exchange/bitfinex/bitfinex_exchange.pyx because it changed.
Compiling hummingbot/connector/exchange/bitfinex/bitfinex_in_flight_order.pyx because it changed.
Compiling hummingbot/connector/exchange/bitfinex/bitfinex_order_book.pyx because it changed.
Compiling hummingbot/connector/exchange/bitmart/dummy.pyx because it changed.
Compiling hummingbot/connector/exchange/bitmex/dummy.pyx because it changed.
Compiling hummingbot/connector/exchange/bittrex/bittrex_active_order_tracker.pyx because it changed.
Compiling hummingbot/connector/exchange/bittrex/bittrex_exchange.pyx because it changed.
Compiling hummingbot/connector/exchange/bittrex/bittrex_in_flight_order.pyx because it changed.
Compiling hummingbot/connector/exchange/bittrex/bittrex_order_book.pyx because it changed.
Compiling hummingbot/connector/exchange/bybit/dummy.pyx because it changed.
Compiling hummingbot/connector/exchange/coinbase_pro/coinbase_pro_active_order_tracker.pyx because it changed.
Compiling hummingbot/connector/exchange/coinbase_pro/coinbase_pro_exchange.pyx because it changed.
Compiling hummingbot/connector/exchange/coinbase_pro/coinbase_pro_in_flight_order.pyx because it changed.
Compiling hummingbot/connector/exchange/coinbase_pro/coinbase_pro_order_book.pyx because it changed.
Compiling hummingbot/connector/exchange/gate_io/placeholder.pyx because it changed.
Compiling hummingbot/connector/exchange/hitbtc/hitbtc_active_order_tracker.pyx because it changed.
Compiling hummingbot/connector/exchange/kraken/kraken_exchange.pyx because it changed.
Compiling hummingbot/connector/exchange/kraken/kraken_in_flight_order.pyx because it changed.
Compiling hummingbot/connector/exchange/kraken/kraken_order_book.pyx because it changed.
Compiling hummingbot/connector/exchange/kucoin/dummy.pyx because it changed.
Compiling hummingbot/connector/exchange/loopring/loopring_active_order_tracker.pyx because it changed.
Compiling hummingbot/connector/exchange/loopring/loopring_exchange.pyx because it changed.
Compiling hummingbot/connector/exchange/loopring/loopring_in_flight_order.pyx because it changed.
Compiling hummingbot/connector/exchange/loopring/loopring_order_book.pyx because it changed.
Compiling hummingbot/connector/exchange/mexc/dummy.pyx because it changed.
Compiling hummingbot/connector/exchange/ndax/dummy.pyx because it changed.
Compiling hummingbot/connector/exchange/paper_trade/paper_trade_exchange.pyx because it changed.
Compiling hummingbot/connector/exchange/vertex/dummy.pyx because it changed.
Compiling hummingbot/connector/exchange/woo_x/dummy.pyx because it changed.
Compiling hummingbot/connector/exchange_base.pyx because it changed.
Compiling hummingbot/connector/in_flight_order_base.pyx because it changed.
Compiling hummingbot/connector/test_support/mock_paper_exchange.pyx because it changed.
Compiling hummingbot/connector/trading_rule.pyx because it changed.
Compiling hummingbot/core/clock.pyx because it changed.
Compiling hummingbot/core/data_type/composite_order_book.pyx because it changed.
Compiling hummingbot/core/data_type/limit_order.pyx because it changed.
Compiling hummingbot/core/data_type/order_book.pyx because it changed.
Compiling hummingbot/core/data_type/order_book_query_result.pyx because it changed.
Compiling hummingbot/core/data_type/order_expiration_entry.pyx because it changed.
Compiling hummingbot/core/data_type/transaction_tracker.pyx because it changed.
Compiling hummingbot/core/event/event_listener.pyx because it changed.
Compiling hummingbot/core/event/event_logger.pyx because it changed.
Compiling hummingbot/core/event/event_reporter.pyx because it changed.
Compiling hummingbot/core/network_iterator.pyx because it changed.
Compiling hummingbot/core/pubsub.pyx because it changed.
Compiling hummingbot/core/py_time_iterator.pyx because it changed.
Compiling hummingbot/core/time_iterator.pyx because it changed.
Compiling hummingbot/pmm_script/pmm_script_iterator.pyx because it changed.
Compiling hummingbot/strategy/__utils__/ring_buffer.pyx because it changed.
Compiling hummingbot/strategy/__utils__/trailing_indicators/trading_intensity.pyx because it changed.
Compiling hummingbot/strategy/amm_arb/dummy.pyx because it changed.
Compiling hummingbot/strategy/api_asset_price_delegate.pyx because it changed.
Compiling hummingbot/strategy/asset_price_delegate.pyx because it changed.
Compiling hummingbot/strategy/avellaneda_market_making/avellaneda_market_making.pyx because it changed.
Compiling hummingbot/strategy/cross_exchange_market_making/order_id_market_pair_tracker.pyx because it changed.
Compiling hummingbot/strategy/cross_exchange_mining/cross_exchange_mining.pyx because it changed.
Compiling hummingbot/strategy/cross_exchange_mining/order_id_market_pair_tracker.pyx because it changed.
Compiling hummingbot/strategy/liquidity_mining/dummy.pyx because it changed.
Compiling hummingbot/strategy/order_book_asset_price_delegate.pyx because it changed.
Compiling hummingbot/strategy/order_tracker.pyx because it changed.
Compiling hummingbot/strategy/perpetual_market_making/dummy.pyx because it changed.
Compiling hummingbot/strategy/pure_market_making/inventory_skew_calculator.pyx because it changed.
Compiling hummingbot/strategy/pure_market_making/pure_market_making.pyx because it changed.
Compiling hummingbot/strategy/pure_market_making/pure_market_making_order_tracker.pyx because it changed.
Compiling hummingbot/strategy/spot_perpetual_arbitrage/dummy.pyx because it changed.
Compiling hummingbot/strategy/strategy_base.pyx because it changed.
Compiling hummingbot/strategy/strategy_py_base.pyx because it changed.
Compiling hummingbot/strategy/twap/dummy.pyx because it changed.
[ 3/78] Cythonizing hummingbot/connector/derivative/bit_com_perpetual/dummy.pyx
[12/78] Cythonizing hummingbot/connector/exchange/bitfinex/bitfinex_in_flight_order.pyx
[18/78] Cythonizing hummingbot/connector/exchange/bittrex/bittrex_in_flight_order.pyx
[19/78] Cythonizing hummingbot/connector/exchange/bittrex/bittrex_order_book.pyx
[28/78] Cythonizing hummingbot/connector/exchange/kraken/kraken_in_flight_order.pyx
[30/78] Cythonizing hummingbot/connector/exchange/kucoin/dummy.pyx
[32/78] Cythonizing hummingbot/connector/exchange/loopring/loopring_exchange.pyx
[52/78] Cythonizing hummingbot/core/event/event_logger.pyx
[57/78] Cythonizing hummingbot/core/time_iterator.pyx
[63/78] Cythonizing hummingbot/strategy/asset_price_delegate.pyx
[65/78] Cythonizing hummingbot/strategy/cross_exchange_market_making/order_id_market_pair_tracker.pyx
[68/78] Cythonizing hummingbot/strategy/liquidity_mining/dummy.pyx
[69/78] Cythonizing hummingbot/strategy/order_book_asset_price_delegate.pyx
[ 8/78] Cythonizing hummingbot/connector/exchange/altmarkets/altmarkets_active_order_tracker.pyx
[20/78] Cythonizing hummingbot/connector/exchange/bybit/dummy.pyx
[22/78] Cythonizing hummingbot/connector/exchange/coinbase_pro/coinbase_pro_exchange.pyx
[42/78] Cythonizing hummingbot/connector/test_support/mock_paper_exchange.pyx
[54/78] Cythonizing hummingbot/core/network_iterator.pyx
[59/78] Cythonizing hummingbot/strategy/__utils__/ring_buffer.pyx
[ 7/78] Cythonizing hummingbot/connector/derivative/kucoin_perpetual/dummy.pyx
[14/78] Cythonizing hummingbot/connector/exchange/bitmart/dummy.pyx
[17/78] Cythonizing hummingbot/connector/exchange/bittrex/bittrex_exchange.pyx
[34/78] Cythonizing hummingbot/connector/exchange/loopring/loopring_order_book.pyx
[46/78] Cythonizing hummingbot/core/data_type/limit_order.pyx
[58/78] Cythonizing hummingbot/pmm_script/pmm_script_iterator.pyx
[66/78] Cythonizing hummingbot/strategy/cross_exchange_mining/cross_exchange_mining.pyx
[ 6/78] Cythonizing hummingbot/connector/derivative/gate_io_perpetual/dummy.pyx
[11/78] Cythonizing hummingbot/connector/exchange/bitfinex/bitfinex_exchange.pyx
[35/78] Cythonizing hummingbot/connector/exchange/mexc/dummy.pyx
[37/78] Cythonizing hummingbot/connector/exchange/paper_trade/paper_trade_exchange.pyx
[70/78] Cythonizing hummingbot/strategy/order_tracker.pyx
[78/78] Cythonizing hummingbot/strategy/twap/dummy.pyx
[ 4/78] Cythonizing hummingbot/connector/derivative/bitmex_perpetual/dummy.pyx
[ 9/78] Cythonizing hummingbot/connector/exchange/binance/dummy.pyx
[15/78] Cythonizing hummingbot/connector/exchange/bitmex/dummy.pyx
[16/78] Cythonizing hummingbot/connector/exchange/bittrex/bittrex_active_order_tracker.pyx
[24/78] Cythonizing hummingbot/connector/exchange/coinbase_pro/coinbase_pro_order_book.pyx
[33/78] Cythonizing hummingbot/connector/exchange/loopring/loopring_in_flight_order.pyx
[43/78] Cythonizing hummingbot/connector/trading_rule.pyx
[45/78] Cythonizing hummingbot/core/data_type/composite_order_book.pyx
[53/78] Cythonizing hummingbot/core/event/event_reporter.pyx
[61/78] Cythonizing hummingbot/strategy/amm_arb/dummy.pyx
[62/78] Cythonizing hummingbot/strategy/api_asset_price_delegate.pyx
[71/78] Cythonizing hummingbot/strategy/perpetual_market_making/dummy.pyx
[72/78] Cythonizing hummingbot/strategy/pure_market_making/inventory_skew_calculator.pyx
[74/78] Cythonizing hummingbot/strategy/pure_market_making/pure_market_making_order_tracker.pyx
[77/78] Cythonizing hummingbot/strategy/strategy_py_base.pyx
[ 5/78] Cythonizing hummingbot/connector/derivative/bybit_perpetual/dummy.pyx
[10/78] Cythonizing hummingbot/connector/exchange/bitfinex/bitfinex_active_order_tracker.pyx
[21/78] Cythonizing hummingbot/connector/exchange/coinbase_pro/coinbase_pro_active_order_tracker.pyx
[29/78] Cythonizing hummingbot/connector/exchange/kraken/kraken_order_book.pyx
[39/78] Cythonizing hummingbot/connector/exchange/woo_x/dummy.pyx
[41/78] Cythonizing hummingbot/connector/in_flight_order_base.pyx
[44/78] Cythonizing hummingbot/core/clock.pyx
[47/78] Cythonizing hummingbot/core/data_type/order_book.pyx
[64/78] Cythonizing hummingbot/strategy/avellaneda_market_making/avellaneda_market_making.pyx
[ 1/78] Cythonizing hummingbot/connector/connector_base.pyx
[23/78] Cythonizing hummingbot/connector/exchange/coinbase_pro/coinbase_pro_in_flight_order.pyx
[26/78] Cythonizing hummingbot/connector/exchange/hitbtc/hitbtc_active_order_tracker.pyx
[31/78] Cythonizing hummingbot/connector/exchange/loopring/loopring_active_order_tracker.pyx
[36/78] Cythonizing hummingbot/connector/exchange/ndax/dummy.pyx
[38/78] Cythonizing hummingbot/connector/exchange/vertex/dummy.pyx
[40/78] Cythonizing hummingbot/connector/exchange_base.pyx
[50/78] Cythonizing hummingbot/core/data_type/transaction_tracker.pyx
[55/78] Cythonizing hummingbot/core/pubsub.pyx
[67/78] Cythonizing hummingbot/strategy/cross_exchange_mining/order_id_market_pair_tracker.pyx
[75/78] Cythonizing hummingbot/strategy/spot_perpetual_arbitrage/dummy.pyx
[76/78] Cythonizing hummingbot/strategy/strategy_base.pyx
[ 2/78] Cythonizing hummingbot/connector/derivative/binance_perpetual/dummy.pyx
[13/78] Cythonizing hummingbot/connector/exchange/bitfinex/bitfinex_order_book.pyx
[25/78] Cythonizing hummingbot/connector/exchange/gate_io/placeholder.pyx
[27/78] Cythonizing hummingbot/connector/exchange/kraken/kraken_exchange.pyx
[48/78] Cythonizing hummingbot/core/data_type/order_book_query_result.pyx
[49/78] Cythonizing hummingbot/core/data_type/order_expiration_entry.pyx
[51/78] Cythonizing hummingbot/core/event/event_listener.pyx
[56/78] Cythonizing hummingbot/core/py_time_iterator.pyx
[60/78] Cythonizing hummingbot/strategy/__utils__/trailing_indicators/trading_intensity.pyx
[73/78] Cythonizing hummingbot/strategy/pure_market_making/pure_market_making.pyx
usage: setup.py [global_opts] cmd1 [cmd1_opts] [cmd2 [cmd2_opts] ...]
   or: setup.py --help [cmd1 cmd2 ...]
   or: setup.py --help-commands
   or: setup.py cmd --help

error: invalid command 'builad_ext' 
)
